<?xml version='1.0' encoding='UTF-8'?>
<testsuite hostname="bodhistream" name="com.emotioncity.soriento.ReflectionTest" tests="1" errors="0" failures="0" time="1.207">
                     <properties>
[...]
</properties>
                     <testcase classname="com.emotioncity.soriento.ReflectionTest" name="it should be create instance of case class by name simple and recursively" time="1.207">
                                                 
                                               </testcase>
                     <system-out></system-out>
                     <system-err></system-err>
                   </testsuite>