<?xml version='1.0' encoding='UTF-8'?>
<testsuite hostname="bodhistream" name="com.emotioncity.soriento.ODbTest" tests="2" errors="1" failures="1" time="2.97">
                     <properties>
[...]
</properties>
                     <testcase classname="com.emotioncity.soriento.ODbTest" name="ODb should be create OClass with name in OrientDb" time="1.461">
                                                 <failure message="Cannot create property 'field' inside a transaction" type="com.orientechnologies.orient.core.exception.OSchemaException">com.orientechnologies.orient.core.exception.OSchemaException: Cannot create property 'field' inside a transaction
	at com.orientechnologies.orient.core.metadata.schema.OClassImpl.addProperty(OClassImpl.java:1977)
	at com.orientechnologies.orient.core.metadata.schema.OClassImpl.createProperty(OClassImpl.java:585)
	at com.emotioncity.soriento.ODb$$anonfun$com$emotioncity$soriento$ODb$$createOClassByName$1.apply(ODb.scala:69)
	at com.emotioncity.soriento.ODb$$anonfun$com$emotioncity$soriento$ODb$$createOClassByName$1.apply(ODb.scala:55)
	at scala.collection.immutable.Map$Map1.foreach(Map.scala:116)
	at com.emotioncity.soriento.ODb$class.com$emotioncity$soriento$ODb$$createOClassByName(ODb.scala:55)
	at com.emotioncity.soriento.ODb$class.createOClass(ODb.scala:27)
	at com.emotioncity.soriento.ODbTest.createOClass(ODbTest.scala:16)
	at com.emotioncity.soriento.ODbTest$$anonfun$2.apply$mcV$sp(ODbTest.scala:30)
	at com.emotioncity.soriento.ODbTest$$anonfun$2.apply(ODbTest.scala:29)
	at com.emotioncity.soriento.ODbTest$$anonfun$2.apply(ODbTest.scala:29)
	at org.scalatest.Transformer$$anonfun$apply$1.apply$mcV$sp(Transformer.scala:22)
	at org.scalatest.OutcomeOf$class.outcomeOf(OutcomeOf.scala:85)
	at org.scalatest.OutcomeOf$.outcomeOf(OutcomeOf.scala:104)
	at org.scalatest.Transformer.apply(Transformer.scala:22)
	at org.scalatest.Transformer.apply(Transformer.scala:20)
	at org.scalatest.FunSuiteLike$$anon$1.apply(FunSuiteLike.scala:166)
	at org.scalatest.Suite$class.withFixture(Suite.scala:1122)
	at org.scalatest.FunSuite.withFixture(FunSuite.scala:1555)
	at org.scalatest.FunSuiteLike$class.invokeWithFixture$1(FunSuiteLike.scala:163)
	at org.scalatest.FunSuiteLike$$anonfun$runTest$1.apply(FunSuiteLike.scala:175)
	at org.scalatest.FunSuiteLike$$anonfun$runTest$1.apply(FunSuiteLike.scala:175)
	at org.scalatest.SuperEngine.runTestImpl(Engine.scala:306)
	at org.scalatest.FunSuiteLike$class.runTest(FunSuiteLike.scala:175)
	at com.emotioncity.soriento.ODbTest.org$scalatest$BeforeAndAfter$$super$runTest(ODbTest.scala:16)
	at org.scalatest.BeforeAndAfter$class.runTest(BeforeAndAfter.scala:200)
	at com.emotioncity.soriento.ODbTest.runTest(ODbTest.scala:16)
	at org.scalatest.FunSuiteLike$$anonfun$runTests$1.apply(FunSuiteLike.scala:208)
	at org.scalatest.FunSuiteLike$$anonfun$runTests$1.apply(FunSuiteLike.scala:208)
	at org.scalatest.SuperEngine$$anonfun$traverseSubNodes$1$1.apply(Engine.scala:413)
	at org.scalatest.SuperEngine$$anonfun$traverseSubNodes$1$1.apply(Engine.scala:401)
	at scala.collection.immutable.List.foreach(List.scala:381)
	at org.scalatest.SuperEngine.traverseSubNodes$1(Engine.scala:401)
	at org.scalatest.SuperEngine.org$scalatest$SuperEngine$$runTestsInBranch(Engine.scala:396)
	at org.scalatest.SuperEngine.runTestsImpl(Engine.scala:483)
	at org.scalatest.FunSuiteLike$class.runTests(FunSuiteLike.scala:208)
	at org.scalatest.FunSuite.runTests(FunSuite.scala:1555)
	at org.scalatest.Suite$class.run(Suite.scala:1424)
	at org.scalatest.FunSuite.org$scalatest$FunSuiteLike$$super$run(FunSuite.scala:1555)
	at org.scalatest.FunSuiteLike$$anonfun$run$1.apply(FunSuiteLike.scala:212)
	at org.scalatest.FunSuiteLike$$anonfun$run$1.apply(FunSuiteLike.scala:212)
	at org.scalatest.SuperEngine.runImpl(Engine.scala:545)
	at org.scalatest.FunSuiteLike$class.run(FunSuiteLike.scala:212)
	at com.emotioncity.soriento.ODbTest.org$scalatest$BeforeAndAfter$$super$run(ODbTest.scala:16)
	at org.scalatest.BeforeAndAfter$class.run(BeforeAndAfter.scala:241)
	at com.emotioncity.soriento.ODbTest.run(ODbTest.scala:16)
	at org.scalatest.tools.Framework.org$scalatest$tools$Framework$$runSuite(Framework.scala:466)
	at org.scalatest.tools.Framework$ScalaTestTask.execute(Framework.scala:677)
	at sbt.TestRunner.runTest$1(TestFramework.scala:76)
	at sbt.TestRunner.run(TestFramework.scala:85)
	at sbt.TestFramework$$anon$2$$anonfun$$init$$1$$anonfun$apply$8.apply(TestFramework.scala:202)
	at sbt.TestFramework$$anon$2$$anonfun$$init$$1$$anonfun$apply$8.apply(TestFramework.scala:202)
	at sbt.TestFramework$.sbt$TestFramework$$withContextLoader(TestFramework.scala:185)
	at sbt.TestFramework$$anon$2$$anonfun$$init$$1.apply(TestFramework.scala:202)
	at sbt.TestFramework$$anon$2$$anonfun$$init$$1.apply(TestFramework.scala:202)
	at sbt.TestFunction.apply(TestFramework.scala:207)
	at sbt.Tests$$anonfun$9.apply(Tests.scala:216)
	at sbt.Tests$$anonfun$9.apply(Tests.scala:216)
	at sbt.std.Transform$$anon$3$$anonfun$apply$2.apply(System.scala:44)
	at sbt.std.Transform$$anon$3$$anonfun$apply$2.apply(System.scala:44)
	at sbt.std.Transform$$anon$4.work(System.scala:63)
	at sbt.Execute$$anonfun$submit$1$$anonfun$apply$1.apply(Execute.scala:226)
	at sbt.Execute$$anonfun$submit$1$$anonfun$apply$1.apply(Execute.scala:226)
	at sbt.ErrorHandling$.wideConvert(ErrorHandling.scala:17)
	at sbt.Execute.work(Execute.scala:235)
	at sbt.Execute$$anonfun$submit$1.apply(Execute.scala:226)
	at sbt.Execute$$anonfun$submit$1.apply(Execute.scala:226)
	at sbt.ConcurrentRestrictions$$anon$4$$anonfun$1.apply(ConcurrentRestrictions.scala:159)
	at sbt.CompletionService$$anon$2.call(CompletionService.scala:28)
	at java.util.concurrent.FutureTask.run(FutureTask.java:266)
	at java.util.concurrent.Executors$RunnableAdapter.call(Executors.java:511)
	at java.util.concurrent.FutureTask.run(FutureTask.java:266)
	at java.util.concurrent.ThreadPoolExecutor.runWorker(ThreadPoolExecutor.java:1142)
	at java.util.concurrent.ThreadPoolExecutor$Worker.run(ThreadPoolExecutor.java:617)
	at java.lang.Thread.run(Thread.java:745)
</failure>
                                               </testcase><testcase classname="com.emotioncity.soriento.ODbTest" name="(It is not a test)" time="1.509">
                                                 <error message="Cannot drop a class inside a transaction" type="java.lang.IllegalStateException">java.lang.IllegalStateException: Cannot drop a class inside a transaction
	at com.orientechnologies.orient.core.metadata.schema.OSchemaShared.dropClass(OSchemaShared.java:462)
	at com.orientechnologies.orient.core.metadata.schema.OSchemaProxy.dropClass(OSchemaProxy.java:134)
	at com.emotioncity.soriento.ODb$class.dropOClass(ODb.scala:41)
	at com.emotioncity.soriento.ODbTest.dropOClass(ODbTest.scala:16)
	at com.emotioncity.soriento.ODbTest$$anonfun$1.apply$mcZ$sp(ODbTest.scala:23)
	at com.emotioncity.soriento.ODbTest$$anonfun$1.apply(ODbTest.scala:22)
	at com.emotioncity.soriento.ODbTest$$anonfun$1.apply(ODbTest.scala:22)
	at org.scalatest.BeforeAndAfter$class.runTest(BeforeAndAfter.scala:210)
	at com.emotioncity.soriento.ODbTest.runTest(ODbTest.scala:16)
	at org.scalatest.FunSuiteLike$$anonfun$runTests$1.apply(FunSuiteLike.scala:208)
	at org.scalatest.FunSuiteLike$$anonfun$runTests$1.apply(FunSuiteLike.scala:208)
	at org.scalatest.SuperEngine$$anonfun$traverseSubNodes$1$1.apply(Engine.scala:413)
	at org.scalatest.SuperEngine$$anonfun$traverseSubNodes$1$1.apply(Engine.scala:401)
	at scala.collection.immutable.List.foreach(List.scala:381)
	at org.scalatest.SuperEngine.traverseSubNodes$1(Engine.scala:401)
	at org.scalatest.SuperEngine.org$scalatest$SuperEngine$$runTestsInBranch(Engine.scala:396)
	at org.scalatest.SuperEngine.runTestsImpl(Engine.scala:483)
	at org.scalatest.FunSuiteLike$class.runTests(FunSuiteLike.scala:208)
	at org.scalatest.FunSuite.runTests(FunSuite.scala:1555)
	at org.scalatest.Suite$class.run(Suite.scala:1424)
	at org.scalatest.FunSuite.org$scalatest$FunSuiteLike$$super$run(FunSuite.scala:1555)
	at org.scalatest.FunSuiteLike$$anonfun$run$1.apply(FunSuiteLike.scala:212)
	at org.scalatest.FunSuiteLike$$anonfun$run$1.apply(FunSuiteLike.scala:212)
	at org.scalatest.SuperEngine.runImpl(Engine.scala:545)
	at org.scalatest.FunSuiteLike$class.run(FunSuiteLike.scala:212)
	at com.emotioncity.soriento.ODbTest.org$scalatest$BeforeAndAfter$$super$run(ODbTest.scala:16)
	at org.scalatest.BeforeAndAfter$class.run(BeforeAndAfter.scala:241)
	at com.emotioncity.soriento.ODbTest.run(ODbTest.scala:16)
	at org.scalatest.tools.Framework.org$scalatest$tools$Framework$$runSuite(Framework.scala:466)
	at org.scalatest.tools.Framework$ScalaTestTask.execute(Framework.scala:677)
	at sbt.TestRunner.runTest$1(TestFramework.scala:76)
	at sbt.TestRunner.run(TestFramework.scala:85)
	at sbt.TestFramework$$anon$2$$anonfun$$init$$1$$anonfun$apply$8.apply(TestFramework.scala:202)
	at sbt.TestFramework$$anon$2$$anonfun$$init$$1$$anonfun$apply$8.apply(TestFramework.scala:202)
	at sbt.TestFramework$.sbt$TestFramework$$withContextLoader(TestFramework.scala:185)
	at sbt.TestFramework$$anon$2$$anonfun$$init$$1.apply(TestFramework.scala:202)
	at sbt.TestFramework$$anon$2$$anonfun$$init$$1.apply(TestFramework.scala:202)
	at sbt.TestFunction.apply(TestFramework.scala:207)
	at sbt.Tests$$anonfun$9.apply(Tests.scala:216)
	at sbt.Tests$$anonfun$9.apply(Tests.scala:216)
	at sbt.std.Transform$$anon$3$$anonfun$apply$2.apply(System.scala:44)
	at sbt.std.Transform$$anon$3$$anonfun$apply$2.apply(System.scala:44)
	at sbt.std.Transform$$anon$4.work(System.scala:63)
	at sbt.Execute$$anonfun$submit$1$$anonfun$apply$1.apply(Execute.scala:226)
	at sbt.Execute$$anonfun$submit$1$$anonfun$apply$1.apply(Execute.scala:226)
	at sbt.ErrorHandling$.wideConvert(ErrorHandling.scala:17)
	at sbt.Execute.work(Execute.scala:235)
	at sbt.Execute$$anonfun$submit$1.apply(Execute.scala:226)
	at sbt.Execute$$anonfun$submit$1.apply(Execute.scala:226)
	at sbt.ConcurrentRestrictions$$anon$4$$anonfun$1.apply(ConcurrentRestrictions.scala:159)
	at sbt.CompletionService$$anon$2.call(CompletionService.scala:28)
	at java.util.concurrent.FutureTask.run(FutureTask.java:266)
	at java.util.concurrent.Executors$RunnableAdapter.call(Executors.java:511)
	at java.util.concurrent.FutureTask.run(FutureTask.java:266)
	at java.util.concurrent.ThreadPoolExecutor.runWorker(ThreadPoolExecutor.java:1142)
	at java.util.concurrent.ThreadPoolExecutor$Worker.run(ThreadPoolExecutor.java:617)
	at java.lang.Thread.run(Thread.java:745)
</error>
                                               </testcase>
                     <system-out></system-out>
                     <system-err></system-err>
                   </testsuite>